Drill report for Power_supply.kicad_pcb
Created on 2025-02-27T22:19:28+0000

Copper Layer Stackup:
    =============================================================
    L1 :  F.Cu                      front
    L2 :  B.Cu                      back


Drill file 'Power_supply-PTH.drl' contains
    plated through holes:
    =============================================================
    T1  0.900mm  0.0354"  (8 holes)
    T2  1.000mm  0.0394"  (29 holes)
    T3  1.000mm  0.0394"  (11 holes)  (with 3 slots)
    T4  1.100mm  0.0433"  (9 holes)
    T5  1.400mm  0.0551"  (2 holes)
    T6  2.500mm  0.0984"  (6 holes)

    Total plated holes count 65


Drill file 'Power_supply-NPTH.drl' contains
    unplated through holes:
    =============================================================
    T1  3.200mm  0.1260"  (4 holes)

    Total unplated holes count 4
