Drill report for SCART_switcher.kicad_pcb
Created on 2025-02-27T22:13:15+0000

Copper Layer Stackup:
    =============================================================
    L1 :  F.Cu                      front
    L2 :  In1.Cu                    in1
    L3 :  In2.Cu                    in2
    L4 :  B.Cu                      back


Drill file 'SCART_switcher-PTH.drl' contains
    plated through holes:
    =============================================================
    T1  0.400mm  0.0157"  (672 holes)
    T2  0.600mm  0.0236"  (24 holes)
    T3  0.900mm  0.0354"  (12 holes)
    T4  1.000mm  0.0394"  (8 holes)  (with 2 slots)
    T5  1.300mm  0.0512"  (149 holes)  (with 2 slots)

    Total plated holes count 865


Drill file 'SCART_switcher-NPTH.drl' contains
    unplated through holes:
    =============================================================
    T1  5.500mm  0.2165"  (8 holes)

    Total unplated holes count 8
